0 info it worked if it ends with ok
1 verbose cli [ '/usr/local/bin/node',
1 verbose cli   '/usr/local/bin/npm',
1 verbose cli   'install',
1 verbose cli   'iohook',
1 verbose cli   '--save' ]
2 info using npm@3.10.10
3 info using node@v6.11.2
4 silly loadCurrentTree Starting
5 silly install loadCurrentTree
6 silly install readLocalPackageData
7 silly fetchPackageMetaData iohook
8 silly fetchNamedPackageData iohook
9 silly mapToRegistry name iohook
10 silly mapToRegistry using default registry
11 silly mapToRegistry registry https://registry.npmjs.org/
12 silly mapToRegistry data Result {
12 silly mapToRegistry   raw: 'iohook',
12 silly mapToRegistry   scope: null,
12 silly mapToRegistry   escapedName: 'iohook',
12 silly mapToRegistry   name: 'iohook',
12 silly mapToRegistry   rawSpec: '',
12 silly mapToRegistry   spec: 'latest',
12 silly mapToRegistry   type: 'tag' }
13 silly mapToRegistry uri https://registry.npmjs.org/iohook
14 verbose request uri https://registry.npmjs.org/iohook
15 verbose request no auth needed
16 info attempt registry request try #1 at 4:52:37 PM
17 verbose request id 377e40d9d3c11997
18 verbose etag W/"59660897-71fa"
19 verbose lastModified Wed, 12 Jul 2017 11:31:35 GMT
20 http request GET https://registry.npmjs.org/iohook
21 http 304 https://registry.npmjs.org/iohook
22 verbose headers { date: 'Sun, 06 Aug 2017 21:52:38 GMT',
22 verbose headers   via: '1.1 varnish',
22 verbose headers   'cache-control': 'max-age=300',
22 verbose headers   etag: 'W/"59660897-71fa"',
22 verbose headers   age: '0',
22 verbose headers   connection: 'keep-alive',
22 verbose headers   'x-served-by': 'cache-dfw1829-DFW',
22 verbose headers   'x-cache': 'HIT',
22 verbose headers   'x-cache-hits': '1',
22 verbose headers   'x-timer': 'S1502056359.786023,VS0,VE32',
22 verbose headers   vary: 'Accept-Encoding, Accept' }
23 silly get cb [ 304,
23 silly get   { date: 'Sun, 06 Aug 2017 21:52:38 GMT',
23 silly get     via: '1.1 varnish',
23 silly get     'cache-control': 'max-age=300',
23 silly get     etag: 'W/"59660897-71fa"',
23 silly get     age: '0',
23 silly get     connection: 'keep-alive',
23 silly get     'x-served-by': 'cache-dfw1829-DFW',
23 silly get     'x-cache': 'HIT',
23 silly get     'x-cache-hits': '1',
23 silly get     'x-timer': 'S1502056359.786023,VS0,VE32',
23 silly get     vary: 'Accept-Encoding, Accept' } ]
24 verbose etag https://registry.npmjs.org/iohook from cache
25 verbose get saving iohook to /Users/ty/.npm/registry.npmjs.org/iohook/.cache.json
26 verbose correctMkdir /Users/ty/.npm correctMkdir not in flight; initializing
27 silly install normalizeTree
28 silly loadCurrentTree Finishing
29 silly loadIdealTree Starting
30 silly install loadIdealTree
31 silly cloneCurrentTree Starting
32 silly install cloneCurrentTreeToIdealTree
33 silly cloneCurrentTree Finishing
34 silly loadShrinkwrap Starting
35 silly install loadShrinkwrap
36 silly loadShrinkwrap Finishing
37 silly loadAllDepsIntoIdealTree Starting
38 silly install loadAllDepsIntoIdealTree
39 silly resolveWithNewModule iohook@0.1.9 checking installable status
40 silly cache add args [ 'iohook', null ]
41 verbose cache add spec iohook
42 silly cache add parsed spec Result {
42 silly cache add   raw: 'iohook',
42 silly cache add   scope: null,
42 silly cache add   escapedName: 'iohook',
42 silly cache add   name: 'iohook',
42 silly cache add   rawSpec: '',
42 silly cache add   spec: 'latest',
42 silly cache add   type: 'tag' }
43 silly addNamed iohook@latest
44 verbose addNamed "latest" is being treated as a dist-tag for iohook
45 info addNameTag [ 'iohook', 'latest' ]
46 silly mapToRegistry name iohook
47 silly mapToRegistry using default registry
48 silly mapToRegistry registry https://registry.npmjs.org/
49 silly mapToRegistry data Result {
49 silly mapToRegistry   raw: 'iohook',
49 silly mapToRegistry   scope: null,
49 silly mapToRegistry   escapedName: 'iohook',
49 silly mapToRegistry   name: 'iohook',
49 silly mapToRegistry   rawSpec: '',
49 silly mapToRegistry   spec: 'latest',
49 silly mapToRegistry   type: 'tag' }
50 silly mapToRegistry uri https://registry.npmjs.org/iohook
51 verbose addNameTag registry:https://registry.npmjs.org/iohook not in flight; fetching
52 verbose get https://registry.npmjs.org/iohook not expired, no request
53 silly addNameTag next cb for iohook with tag latest
54 silly addNamed iohook@0.1.9
55 verbose addNamed "0.1.9" is a plain semver version for iohook
56 silly cache afterAdd iohook@0.1.9
57 verbose afterAdd /Users/ty/.npm/iohook/0.1.9/package/package.json not in flight; writing
58 verbose correctMkdir /Users/ty/.npm correctMkdir not in flight; initializing
59 verbose afterAdd /Users/ty/.npm/iohook/0.1.9/package/package.json written
60 silly fetchNamedPackageData segfault-handler
61 silly mapToRegistry name segfault-handler
62 silly mapToRegistry using default registry
63 silly mapToRegistry registry https://registry.npmjs.org/
64 silly mapToRegistry data Result {
64 silly mapToRegistry   raw: 'segfault-handler',
64 silly mapToRegistry   scope: null,
64 silly mapToRegistry   escapedName: 'segfault-handler',
64 silly mapToRegistry   name: 'segfault-handler',
64 silly mapToRegistry   rawSpec: '',
64 silly mapToRegistry   spec: 'latest',
64 silly mapToRegistry   type: 'tag' }
65 silly mapToRegistry uri https://registry.npmjs.org/segfault-handler
66 verbose request uri https://registry.npmjs.org/segfault-handler
67 verbose request no auth needed
68 info attempt registry request try #1 at 4:52:38 PM
69 verbose etag W/"5973e448-2f7e"
70 verbose lastModified Sat, 22 Jul 2017 23:48:24 GMT
71 http request GET https://registry.npmjs.org/segfault-handler
72 http 304 https://registry.npmjs.org/segfault-handler
73 verbose headers { date: 'Sun, 06 Aug 2017 21:52:39 GMT',
73 verbose headers   via: '1.1 varnish',
73 verbose headers   'cache-control': 'max-age=300',
73 verbose headers   etag: 'W/"5973e448-2f7e"',
73 verbose headers   age: '0',
73 verbose headers   connection: 'keep-alive',
73 verbose headers   'x-served-by': 'cache-dfw1829-DFW',
73 verbose headers   'x-cache': 'HIT',
73 verbose headers   'x-cache-hits': '1',
73 verbose headers   'x-timer': 'S1502056359.073914,VS0,VE32',
73 verbose headers   vary: 'Accept-Encoding, Accept' }
74 silly get cb [ 304,
74 silly get   { date: 'Sun, 06 Aug 2017 21:52:39 GMT',
74 silly get     via: '1.1 varnish',
74 silly get     'cache-control': 'max-age=300',
74 silly get     etag: 'W/"5973e448-2f7e"',
74 silly get     age: '0',
74 silly get     connection: 'keep-alive',
74 silly get     'x-served-by': 'cache-dfw1829-DFW',
74 silly get     'x-cache': 'HIT',
74 silly get     'x-cache-hits': '1',
74 silly get     'x-timer': 'S1502056359.073914,VS0,VE32',
74 silly get     vary: 'Accept-Encoding, Accept' } ]
75 verbose etag https://registry.npmjs.org/segfault-handler from cache
76 verbose get saving segfault-handler to /Users/ty/.npm/registry.npmjs.org/segfault-handler/.cache.json
77 verbose correctMkdir /Users/ty/.npm correctMkdir not in flight; initializing
78 silly resolveWithNewModule segfault-handler@1.0.0 checking installable status
79 silly cache add args [ 'segfault-handler@^1.0.0', null ]
80 verbose cache add spec segfault-handler@^1.0.0
81 silly cache add parsed spec Result {
81 silly cache add   raw: 'segfault-handler@^1.0.0',
81 silly cache add   scope: null,
81 silly cache add   escapedName: 'segfault-handler',
81 silly cache add   name: 'segfault-handler',
81 silly cache add   rawSpec: '^1.0.0',
81 silly cache add   spec: '>=1.0.0 <2.0.0',
81 silly cache add   type: 'range' }
82 silly addNamed segfault-handler@>=1.0.0 <2.0.0
83 verbose addNamed ">=1.0.0 <2.0.0" is a valid semver range for segfault-handler
84 silly addNameRange { name: 'segfault-handler',
84 silly addNameRange   range: '>=1.0.0 <2.0.0',
84 silly addNameRange   hasData: false }
85 silly mapToRegistry name segfault-handler
86 silly mapToRegistry using default registry
87 silly mapToRegistry registry https://registry.npmjs.org/
88 silly mapToRegistry data Result {
88 silly mapToRegistry   raw: 'segfault-handler',
88 silly mapToRegistry   scope: null,
88 silly mapToRegistry   escapedName: 'segfault-handler',
88 silly mapToRegistry   name: 'segfault-handler',
88 silly mapToRegistry   rawSpec: '',
88 silly mapToRegistry   spec: 'latest',
88 silly mapToRegistry   type: 'tag' }
89 silly mapToRegistry uri https://registry.npmjs.org/segfault-handler
90 verbose addNameRange registry:https://registry.npmjs.org/segfault-handler not in flight; fetching
91 verbose get https://registry.npmjs.org/segfault-handler not expired, no request
92 silly addNameRange number 2 { name: 'segfault-handler',
92 silly addNameRange   range: '>=1.0.0 <2.0.0',
92 silly addNameRange   hasData: true }
93 silly addNameRange versions [ 'segfault-handler',
93 silly addNameRange   [ '0.2.1', '0.2.2', '0.2.3', '0.2.4', '0.2.5', '1.0.0' ] ]
94 silly addNamed segfault-handler@1.0.0
95 verbose addNamed "1.0.0" is a plain semver version for segfault-handler
96 silly cache afterAdd segfault-handler@1.0.0
97 verbose afterAdd /Users/ty/.npm/segfault-handler/1.0.0/package/package.json not in flight; writing
98 verbose correctMkdir /Users/ty/.npm correctMkdir not in flight; initializing
99 verbose afterAdd /Users/ty/.npm/segfault-handler/1.0.0/package/package.json written
100 silly loadAllDepsIntoIdealTree Finishing
101 silly loadIdealTree Finishing
102 silly currentTree marco@1.0.0
102 silly currentTree ├── ansi-regex@2.1.1
102 silly currentTree ├── aproba@1.1.2
102 silly currentTree ├── are-we-there-yet@1.1.4
102 silly currentTree ├── bindings@1.3.0
102 silly currentTree ├── bl@1.2.1
102 silly currentTree ├── chownr@1.0.1
102 silly currentTree ├── code-point-at@1.1.0
102 silly currentTree ├── console-control-strings@1.1.0
102 silly currentTree ├── core-util-is@1.0.2
102 silly currentTree ├── deep-extend@0.4.2
102 silly currentTree ├── delegates@1.0.0
102 silly currentTree ├── end-of-stream@1.4.0
102 silly currentTree ├── expand-template@1.0.3
102 silly currentTree ├── gauge@2.7.4
102 silly currentTree ├── github-from-package@0.0.0
102 silly currentTree ├── has-unicode@2.0.1
102 silly currentTree ├── inherits@2.0.3
102 silly currentTree ├── ini@1.3.4
102 silly currentTree ├── is-fullwidth-code-point@1.0.0
102 silly currentTree ├── isarray@1.0.0
102 silly currentTree ├── minimist@0.0.8
102 silly currentTree ├── mkdirp@0.5.1
102 silly currentTree ├── nan@2.6.2
102 silly currentTree ├── node-abi@2.1.0
102 silly currentTree ├── noop-logger@0.1.1
102 silly currentTree ├── npmlog@4.1.2
102 silly currentTree ├── number-is-nan@1.0.1
102 silly currentTree ├── object-assign@4.1.1
102 silly currentTree ├── once@1.4.0
102 silly currentTree ├── os-homedir@1.0.2
102 silly currentTree ├─┬ prebuild-install@2.2.1
102 silly currentTree │ ├── minimist@1.2.0
102 silly currentTree │ ├── simple-get@1.4.3
102 silly currentTree │ └── unzip-response@1.0.2
102 silly currentTree ├── process-nextick-args@1.0.7
102 silly currentTree ├── pump@1.0.2
102 silly currentTree ├─┬ rc@1.2.1
102 silly currentTree │ └── minimist@1.2.0
102 silly currentTree ├── readable-stream@2.3.3
102 silly currentTree ├── robotjs@0.4.7
102 silly currentTree ├── safe-buffer@5.1.1
102 silly currentTree ├── set-blocking@2.0.0
102 silly currentTree ├── signal-exit@3.0.2
102 silly currentTree ├── simple-concat@1.0.0
102 silly currentTree ├── simple-get@2.6.0
102 silly currentTree ├── string_decoder@1.0.3
102 silly currentTree ├── string-width@1.0.2
102 silly currentTree ├── strip-ansi@3.0.1
102 silly currentTree ├── strip-json-comments@2.0.1
102 silly currentTree ├── tar-fs@1.15.3
102 silly currentTree ├── tar-stream@1.5.4
102 silly currentTree ├── tunnel-agent@0.6.0
102 silly currentTree ├── unzip-response@2.0.1
102 silly currentTree ├── util-deprecate@1.0.2
102 silly currentTree ├── wide-align@1.1.2
102 silly currentTree ├── wrappy@1.0.2
102 silly currentTree └── xtend@4.0.1
103 silly idealTree marco@1.0.0
103 silly idealTree ├── ansi-regex@2.1.1
103 silly idealTree ├── aproba@1.1.2
103 silly idealTree ├── are-we-there-yet@1.1.4
103 silly idealTree ├── bindings@1.3.0
103 silly idealTree ├── bl@1.2.1
103 silly idealTree ├── chownr@1.0.1
103 silly idealTree ├── code-point-at@1.1.0
103 silly idealTree ├── console-control-strings@1.1.0
103 silly idealTree ├── core-util-is@1.0.2
103 silly idealTree ├── deep-extend@0.4.2
103 silly idealTree ├── delegates@1.0.0
103 silly idealTree ├── end-of-stream@1.4.0
103 silly idealTree ├── expand-template@1.0.3
103 silly idealTree ├── gauge@2.7.4
103 silly idealTree ├── github-from-package@0.0.0
103 silly idealTree ├── has-unicode@2.0.1
103 silly idealTree ├── inherits@2.0.3
103 silly idealTree ├── ini@1.3.4
103 silly idealTree ├── iohook@0.1.9
103 silly idealTree ├── is-fullwidth-code-point@1.0.0
103 silly idealTree ├── isarray@1.0.0
103 silly idealTree ├── minimist@0.0.8
103 silly idealTree ├── mkdirp@0.5.1
103 silly idealTree ├── nan@2.6.2
103 silly idealTree ├── node-abi@2.1.0
103 silly idealTree ├── noop-logger@0.1.1
103 silly idealTree ├── npmlog@4.1.2
103 silly idealTree ├── number-is-nan@1.0.1
103 silly idealTree ├── object-assign@4.1.1
103 silly idealTree ├── once@1.4.0
103 silly idealTree ├── os-homedir@1.0.2
103 silly idealTree ├─┬ prebuild-install@2.2.1
103 silly idealTree │ ├── minimist@1.2.0
103 silly idealTree │ ├── simple-get@1.4.3
103 silly idealTree │ └── unzip-response@1.0.2
103 silly idealTree ├── process-nextick-args@1.0.7
103 silly idealTree ├── pump@1.0.2
103 silly idealTree ├─┬ rc@1.2.1
103 silly idealTree │ └── minimist@1.2.0
103 silly idealTree ├── readable-stream@2.3.3
103 silly idealTree ├── robotjs@0.4.7
103 silly idealTree ├── safe-buffer@5.1.1
103 silly idealTree ├── segfault-handler@1.0.0
103 silly idealTree ├── set-blocking@2.0.0
103 silly idealTree ├── signal-exit@3.0.2
103 silly idealTree ├── simple-concat@1.0.0
103 silly idealTree ├── simple-get@2.6.0
103 silly idealTree ├── string_decoder@1.0.3
103 silly idealTree ├── string-width@1.0.2
103 silly idealTree ├── strip-ansi@3.0.1
103 silly idealTree ├── strip-json-comments@2.0.1
103 silly idealTree ├── tar-fs@1.15.3
103 silly idealTree ├── tar-stream@1.5.4
103 silly idealTree ├── tunnel-agent@0.6.0
103 silly idealTree ├── unzip-response@2.0.1
103 silly idealTree ├── util-deprecate@1.0.2
103 silly idealTree ├── wide-align@1.1.2
103 silly idealTree ├── wrappy@1.0.2
103 silly idealTree └── xtend@4.0.1
104 silly generateActionsToTake Starting
105 silly install generateActionsToTake
106 silly generateActionsToTake Finishing
107 silly diffTrees action count 2
108 silly diffTrees add segfault-handler@1.0.0
109 silly diffTrees add iohook@0.1.9
110 silly decomposeActions action count 16
111 silly decomposeActions fetch segfault-handler@1.0.0
112 silly decomposeActions extract segfault-handler@1.0.0
113 silly decomposeActions test segfault-handler@1.0.0
114 silly decomposeActions preinstall segfault-handler@1.0.0
115 silly decomposeActions build segfault-handler@1.0.0
116 silly decomposeActions install segfault-handler@1.0.0
117 silly decomposeActions postinstall segfault-handler@1.0.0
118 silly decomposeActions finalize segfault-handler@1.0.0
119 silly decomposeActions fetch iohook@0.1.9
120 silly decomposeActions extract iohook@0.1.9
121 silly decomposeActions test iohook@0.1.9
122 silly decomposeActions preinstall iohook@0.1.9
123 silly decomposeActions build iohook@0.1.9
124 silly decomposeActions install iohook@0.1.9
125 silly decomposeActions postinstall iohook@0.1.9
126 silly decomposeActions finalize iohook@0.1.9
127 silly runTopLevelLifecycles Starting
128 silly executeActions Starting
129 silly install executeActions
130 silly doSerial global-install 0
131 silly doParallel fetch 2
132 verbose correctMkdir /Users/ty/.npm/_locks correctMkdir not in flight; initializing
133 verbose lock using /Users/ty/.npm/_locks/staging-a57ab118240d938c.lock for /Users/ty/Documents/programming/node/marco/node_modules/.staging
134 silly doParallel extract 2
135 silly extract segfault-handler@1.0.0
136 silly extract iohook@0.1.9
137 verbose unbuild node_modules/.staging/segfault-handler-a7a27316
138 verbose unbuild node_modules/.staging/iohook-9e82a49e
139 silly gentlyRm /Users/ty/Documents/programming/node/marco/node_modules/.staging/segfault-handler-a7a27316 is being purged from base /Users/ty/Documents/programming/node/marco
140 verbose gentlyRm don't care about contents; nuking /Users/ty/Documents/programming/node/marco/node_modules/.staging/segfault-handler-a7a27316
141 silly gentlyRm /Users/ty/Documents/programming/node/marco/node_modules/.staging/iohook-9e82a49e is being purged from base /Users/ty/Documents/programming/node/marco
142 verbose gentlyRm don't care about contents; nuking /Users/ty/Documents/programming/node/marco/node_modules/.staging/iohook-9e82a49e
143 verbose tar unpack /Users/ty/.npm/segfault-handler/1.0.0/package.tgz
144 verbose tar unpacking to /Users/ty/Documents/programming/node/marco/node_modules/.staging/segfault-handler-a7a27316
145 silly gentlyRm /Users/ty/Documents/programming/node/marco/node_modules/.staging/segfault-handler-a7a27316 is being purged
146 verbose gentlyRm don't care about contents; nuking /Users/ty/Documents/programming/node/marco/node_modules/.staging/segfault-handler-a7a27316
147 verbose tar unpack /Users/ty/.npm/iohook/0.1.9/package.tgz
148 verbose tar unpacking to /Users/ty/Documents/programming/node/marco/node_modules/.staging/iohook-9e82a49e
149 silly gentlyRm /Users/ty/Documents/programming/node/marco/node_modules/.staging/iohook-9e82a49e is being purged
150 verbose gentlyRm don't care about contents; nuking /Users/ty/Documents/programming/node/marco/node_modules/.staging/iohook-9e82a49e
151 silly gunzTarPerm modes [ '755', '644' ]
152 silly gunzTarPerm modes [ '755', '644' ]
153 silly gunzTarPerm extractEntry package.json
154 silly gunzTarPerm modified mode [ 'package.json', 438, 420 ]
155 silly gunzTarPerm extractEntry package.json
156 silly gunzTarPerm extractEntry .npmignore
157 silly gunzTarPerm modified mode [ '.npmignore', 438, 420 ]
158 silly gunzTarPerm extractEntry README.md
159 silly gunzTarPerm modified mode [ 'README.md', 438, 420 ]
160 silly gunzTarPerm extractEntry .npmignore
161 silly gunzTarPerm extractEntry README.md
162 silly gunzTarPerm extractEntry example.js
163 silly gunzTarPerm modified mode [ 'example.js', 438, 420 ]
164 silly gunzTarPerm extractEntry index.js
165 silly gunzTarPerm modified mode [ 'index.js', 438, 420 ]
166 silly gunzTarPerm extractEntry LICENSE
167 silly gunzTarPerm extractEntry support.js
168 silly gunzTarPerm extractEntry includes/StackWalker.h
169 silly gunzTarPerm modified mode [ 'includes/StackWalker.h', 438, 420 ]
170 silly gunzTarPerm extractEntry Versions.md
171 silly gunzTarPerm modified mode [ 'Versions.md', 438, 420 ]
172 silly gunzTarPerm extractEntry binding.gyp
173 silly gunzTarPerm modified mode [ 'binding.gyp', 438, 420 ]
174 silly gunzTarPerm extractEntry stacktrace-1324759871-67926.log
175 silly gunzTarPerm modified mode [ 'stacktrace-1324759871-67926.log', 438, 420 ]
176 silly gunzTarPerm extractEntry src/StackWalker.cpp
177 silly gunzTarPerm modified mode [ 'src/StackWalker.cpp', 438, 420 ]
178 silly gunzTarPerm extractEntry src/segfault-handler.cpp
179 silly gunzTarPerm modified mode [ 'src/segfault-handler.cpp', 438, 420 ]
180 silly gunzTarPerm extractEntry stacktrace-1443043538-11880.log
181 silly gunzTarPerm modified mode [ 'stacktrace-1443043538-11880.log', 438, 420 ]
182 silly gunzTarPerm extractEntry install.js
183 silly gunzTarPerm extractEntry index.js
184 silly gunzTarPerm extractEntry example.js
185 silly gunzTarPerm extractEntry build.js
186 silly gunzTarPerm extractEntry .idea/misc.xml
187 silly gunzTarPerm extractEntry .idea/codeStyleSettings.xml
188 silly gunzTarPerm extractEntry .idea/iohook.iml
189 silly gunzTarPerm extractEntry .idea/jsLibraryMappings.xml
190 silly gunzTarPerm extractEntry .idea/encodings.xml
191 silly gunzTarPerm extractEntry .idea/modules.xml
192 silly gunzTarPerm extractEntry .idea/serialmonitor_settings.xml
193 silly gunzTarPerm extractEntry .idea/vcs.xml
194 silly gunzTarPerm extractEntry .idea/watcherTasks.xml
195 silly gunzTarPerm extractEntry .idea/workspace.xml
196 silly gunzTarPerm extractEntry appveyor.yml
197 silly gunzTarPerm extractEntry CMakeLists.txt
198 silly gunzTarPerm extractEntry .travis.yml
199 silly gunzTarPerm extractEntry src/iohook.cc
200 silly gunzTarPerm extractEntry src/iohook.h
201 silly gentlyRm /Users/ty/Documents/programming/node/marco/node_modules/.staging/segfault-handler-a7a27316/node_modules is being purged
202 verbose gentlyRm don't care about contents; nuking /Users/ty/Documents/programming/node/marco/node_modules/.staging/segfault-handler-a7a27316/node_modules
203 silly gentlyRm /Users/ty/Documents/programming/node/marco/node_modules/.staging/iohook-9e82a49e/node_modules is being purged
204 verbose gentlyRm don't care about contents; nuking /Users/ty/Documents/programming/node/marco/node_modules/.staging/iohook-9e82a49e/node_modules
205 silly doParallel preinstall 2
206 silly preinstall segfault-handler@1.0.0 /Users/ty/Documents/programming/node/marco/node_modules/.staging/segfault-handler-a7a27316
207 info lifecycle segfault-handler@1.0.0~preinstall: segfault-handler@1.0.0
208 silly preinstall iohook@0.1.9 /Users/ty/Documents/programming/node/marco/node_modules/.staging/iohook-9e82a49e
209 info lifecycle iohook@0.1.9~preinstall: iohook@0.1.9
210 silly lifecycle segfault-handler@1.0.0~preinstall: no script for preinstall, continuing
211 silly lifecycle iohook@0.1.9~preinstall: no script for preinstall, continuing
212 silly doReverseSerial remove 0
213 silly doSerial move 0
214 silly doSerial finalize 2
215 silly finalize /Users/ty/Documents/programming/node/marco/node_modules/segfault-handler
216 silly finalize /Users/ty/Documents/programming/node/marco/node_modules/iohook
217 silly doSerial build 2
218 silly build segfault-handler@1.0.0
219 info linkStuff segfault-handler@1.0.0
220 silly linkStuff segfault-handler@1.0.0 has /Users/ty/Documents/programming/node/marco/node_modules as its parent node_modules
221 verbose linkBins segfault-handler@1.0.0
222 verbose linkMans segfault-handler@1.0.0
223 silly build iohook@0.1.9
224 info linkStuff iohook@0.1.9
225 silly linkStuff iohook@0.1.9 has /Users/ty/Documents/programming/node/marco/node_modules as its parent node_modules
226 verbose linkBins iohook@0.1.9
227 verbose linkMans iohook@0.1.9
228 silly doSerial global-link 0
229 silly doParallel update-linked 0
230 silly doSerial install 2
231 silly install segfault-handler@1.0.0 /Users/ty/Documents/programming/node/marco/node_modules/.staging/segfault-handler-a7a27316
232 info lifecycle segfault-handler@1.0.0~install: segfault-handler@1.0.0
233 verbose lifecycle segfault-handler@1.0.0~install: unsafe-perm in lifecycle true
234 verbose lifecycle segfault-handler@1.0.0~install: PATH: /usr/local/lib/node_modules/npm/bin/node-gyp-bin:/Users/ty/Documents/programming/node/marco/node_modules/segfault-handler/node_modules/.bin:/Users/ty/Documents/programming/node/marco/node_modules/.bin:/Users/ty/miniconda3/bin:/usr/local/bin:/usr/bin:/bin:/usr/sbin:/sbin
235 verbose lifecycle segfault-handler@1.0.0~install: CWD: /Users/ty/Documents/programming/node/marco/node_modules/segfault-handler
236 silly lifecycle segfault-handler@1.0.0~install: Args: [ '-c', 'node-gyp rebuild' ]
237 silly lifecycle segfault-handler@1.0.0~install: Returned: code: 1  signal: null
238 info lifecycle segfault-handler@1.0.0~install: Failed to exec install script
239 verbose unlock done using /Users/ty/.npm/_locks/staging-a57ab118240d938c.lock for /Users/ty/Documents/programming/node/marco/node_modules/.staging
240 silly rollbackFailedOptional Starting
241 silly rollbackFailedOptional Finishing
242 silly runTopLevelLifecycles Finishing
243 silly install printInstalled
244 warn marco@1.0.0 No description
245 verbose If you need help, you may report this error at:
245 verbose     <https://github.com/npm/npm/issues>
246 warn marco@1.0.0 No repository field.
247 verbose If you need help, you may report this error at:
247 verbose     <https://github.com/npm/npm/issues>
248 verbose stack Error: segfault-handler@1.0.0 install: `node-gyp rebuild`
248 verbose stack Exit status 1
248 verbose stack     at EventEmitter.<anonymous> (/usr/local/lib/node_modules/npm/lib/utils/lifecycle.js:255:16)
248 verbose stack     at emitTwo (events.js:106:13)
248 verbose stack     at EventEmitter.emit (events.js:191:7)
248 verbose stack     at ChildProcess.<anonymous> (/usr/local/lib/node_modules/npm/lib/utils/spawn.js:40:14)
248 verbose stack     at emitTwo (events.js:106:13)
248 verbose stack     at ChildProcess.emit (events.js:191:7)
248 verbose stack     at maybeClose (internal/child_process.js:891:16)
248 verbose stack     at Process.ChildProcess._handle.onexit (internal/child_process.js:226:5)
249 verbose pkgid segfault-handler@1.0.0
250 verbose cwd /Users/ty/Documents/programming/node/marco
251 error Darwin 16.3.0
252 error argv "/usr/local/bin/node" "/usr/local/bin/npm" "install" "iohook" "--save"
253 error node v6.11.2
254 error npm  v3.10.10
255 error code ELIFECYCLE
256 error segfault-handler@1.0.0 install: `node-gyp rebuild`
256 error Exit status 1
257 error Failed at the segfault-handler@1.0.0 install script 'node-gyp rebuild'.
257 error Make sure you have the latest version of node.js and npm installed.
257 error If you do, this is most likely a problem with the segfault-handler package,
257 error not with npm itself.
257 error Tell the author that this fails on your system:
257 error     node-gyp rebuild
257 error You can get information on how to open an issue for this project with:
257 error     npm bugs segfault-handler
257 error Or if that isn't available, you can get their info via:
257 error     npm owner ls segfault-handler
257 error There is likely additional logging output above.
258 verbose exit [ 1, true ]
